{"message":"configuración base de datos{\"user\":\"\",\"password\":\"\",\"server\":\"\",\"database\":\"\",\"port\":0,\"parseJSON\":true}","level":"info"}
{"message":"cargando rutas","level":"debug"}
{"code":"ESOCKET","originalError":{"message":"Failed to connect to :1433 - Could not connect (sequence)","code":"ESOCKET"},"name":"ConnectionError","level":"error","message":"Database Connection Failed! Bad Config: Failed to connect to :1433 - Could not connect (sequence)","stack":"ConnectionError: Failed to connect to :1433 - Could not connect (sequence)\n    at Connection.<anonymous> (C:\\Users\\usuario\\Documents\\api.apolo\\node_modules\\mssql\\lib\\tedious.js:244:17)\n    at Object.onceWrapper (events.js:300:26)\n    at Connection.emit (events.js:210:5)\n    at Connection.EventEmitter.emit (domain.js:476:20)\n    at Connection.socketError (C:\\Users\\usuario\\Documents\\api.apolo\\node_modules\\tedious\\lib\\connection.js:1095:12)\n    at C:\\Users\\usuario\\Documents\\api.apolo\\node_modules\\tedious\\lib\\connection.js:961:21\n    at SequentialConnectionStrategy.connect (C:\\Users\\usuario\\Documents\\api.apolo\\node_modules\\tedious\\lib\\connector.js:121:7)\n    at C:\\Users\\usuario\\Documents\\api.apolo\\node_modules\\tedious\\lib\\connector.js:54:67\n    at processTicksAndRejections (internal/process/task_queues.js:80:21)"}
{"message":"configuración base de datos{\"user\":\"\",\"password\":\"\",\"server\":\"\",\"database\":\"\",\"port\":0,\"parseJSON\":true}","level":"info"}
{"message":"cargando rutas","level":"debug"}
{"code":"ESOCKET","originalError":{"message":"Failed to connect to :1433 - Could not connect (sequence)","code":"ESOCKET"},"name":"ConnectionError","level":"error","message":"Database Connection Failed! Bad Config: Failed to connect to :1433 - Could not connect (sequence)","stack":"ConnectionError: Failed to connect to :1433 - Could not connect (sequence)\n    at Connection.<anonymous> (C:\\Users\\usuario\\Documents\\api.apolo\\node_modules\\mssql\\lib\\tedious.js:244:17)\n    at Object.onceWrapper (events.js:300:26)\n    at Connection.emit (events.js:210:5)\n    at Connection.EventEmitter.emit (domain.js:476:20)\n    at Connection.socketError (C:\\Users\\usuario\\Documents\\api.apolo\\node_modules\\tedious\\lib\\connection.js:1095:12)\n    at C:\\Users\\usuario\\Documents\\api.apolo\\node_modules\\tedious\\lib\\connection.js:961:21\n    at SequentialConnectionStrategy.connect (C:\\Users\\usuario\\Documents\\api.apolo\\node_modules\\tedious\\lib\\connector.js:121:7)\n    at C:\\Users\\usuario\\Documents\\api.apolo\\node_modules\\tedious\\lib\\connector.js:54:67\n    at processTicksAndRejections (internal/process/task_queues.js:80:21)"}
{"message":"configuración base de datos{\"user\":\"\",\"password\":\"\",\"server\":\"\",\"database\":\"\",\"port\":0,\"parseJSON\":true}","level":"info"}
{"message":"cargando rutas","level":"debug"}
{"code":"ESOCKET","originalError":{"message":"Failed to connect to :1433 - Could not connect (sequence)","code":"ESOCKET"},"name":"ConnectionError","level":"error","message":"Database Connection Failed! Bad Config: Failed to connect to :1433 - Could not connect (sequence)","stack":"ConnectionError: Failed to connect to :1433 - Could not connect (sequence)\n    at Connection.<anonymous> (C:\\Users\\usuario\\Documents\\api.apolo\\node_modules\\mssql\\lib\\tedious.js:244:17)\n    at Object.onceWrapper (events.js:300:26)\n    at Connection.emit (events.js:210:5)\n    at Connection.EventEmitter.emit (domain.js:476:20)\n    at Connection.socketError (C:\\Users\\usuario\\Documents\\api.apolo\\node_modules\\tedious\\lib\\connection.js:1095:12)\n    at C:\\Users\\usuario\\Documents\\api.apolo\\node_modules\\tedious\\lib\\connection.js:961:21\n    at SequentialConnectionStrategy.connect (C:\\Users\\usuario\\Documents\\api.apolo\\node_modules\\tedious\\lib\\connector.js:121:7)\n    at C:\\Users\\usuario\\Documents\\api.apolo\\node_modules\\tedious\\lib\\connector.js:54:67\n    at processTicksAndRejections (internal/process/task_queues.js:80:21)"}
{"message":"configuración base de datos{\"user\":\"\",\"password\":\"\",\"server\":\"\",\"database\":\"\",\"port\":0,\"parseJSON\":true}","level":"info"}
{"message":"cargando rutas","level":"debug"}
{"code":"ESOCKET","originalError":{"message":"Failed to connect to :1433 - Could not connect (sequence)","code":"ESOCKET"},"name":"ConnectionError","level":"error","message":"Database Connection Failed! Bad Config: Failed to connect to :1433 - Could not connect (sequence)","stack":"ConnectionError: Failed to connect to :1433 - Could not connect (sequence)\n    at Connection.<anonymous> (C:\\Users\\usuario\\Documents\\api.apolo\\node_modules\\mssql\\lib\\tedious.js:244:17)\n    at Object.onceWrapper (events.js:300:26)\n    at Connection.emit (events.js:210:5)\n    at Connection.EventEmitter.emit (domain.js:476:20)\n    at Connection.socketError (C:\\Users\\usuario\\Documents\\api.apolo\\node_modules\\tedious\\lib\\connection.js:1095:12)\n    at C:\\Users\\usuario\\Documents\\api.apolo\\node_modules\\tedious\\lib\\connection.js:961:21\n    at SequentialConnectionStrategy.connect (C:\\Users\\usuario\\Documents\\api.apolo\\node_modules\\tedious\\lib\\connector.js:121:7)\n    at C:\\Users\\usuario\\Documents\\api.apolo\\node_modules\\tedious\\lib\\connector.js:54:67\n    at processTicksAndRejections (internal/process/task_queues.js:80:21)"}
{"message":"configuración base de datos{\"user\":\"\",\"password\":\"\",\"server\":\"\",\"database\":\"\",\"port\":0,\"parseJSON\":true}","level":"info"}
{"message":"cargando rutas","level":"debug"}
{"code":"ESOCKET","originalError":{"message":"Failed to connect to :1433 - Could not connect (sequence)","code":"ESOCKET"},"name":"ConnectionError","level":"error","message":"Database Connection Failed! Bad Config: Failed to connect to :1433 - Could not connect (sequence)","stack":"ConnectionError: Failed to connect to :1433 - Could not connect (sequence)\n    at Connection.<anonymous> (C:\\Users\\usuario\\Documents\\api.apolo\\node_modules\\mssql\\lib\\tedious.js:244:17)\n    at Object.onceWrapper (events.js:300:26)\n    at Connection.emit (events.js:210:5)\n    at Connection.EventEmitter.emit (domain.js:476:20)\n    at Connection.socketError (C:\\Users\\usuario\\Documents\\api.apolo\\node_modules\\tedious\\lib\\connection.js:1095:12)\n    at C:\\Users\\usuario\\Documents\\api.apolo\\node_modules\\tedious\\lib\\connection.js:961:21\n    at SequentialConnectionStrategy.connect (C:\\Users\\usuario\\Documents\\api.apolo\\node_modules\\tedious\\lib\\connector.js:121:7)\n    at C:\\Users\\usuario\\Documents\\api.apolo\\node_modules\\tedious\\lib\\connector.js:54:67\n    at processTicksAndRejections (internal/process/task_queues.js:80:21)"}
{"message":"configuración base de datos{\"user\":\"\",\"password\":\"\",\"server\":\"\",\"database\":\"\",\"port\":0,\"parseJSON\":true}","level":"info"}
{"message":"cargando rutas","level":"debug"}
{"code":"ESOCKET","originalError":{"message":"Failed to connect to :1433 - Could not connect (sequence)","code":"ESOCKET"},"name":"ConnectionError","level":"error","message":"Database Connection Failed! Bad Config: Failed to connect to :1433 - Could not connect (sequence)","stack":"ConnectionError: Failed to connect to :1433 - Could not connect (sequence)\n    at Connection.<anonymous> (C:\\Users\\usuario\\Documents\\api.apolo\\node_modules\\mssql\\lib\\tedious.js:244:17)\n    at Object.onceWrapper (events.js:300:26)\n    at Connection.emit (events.js:210:5)\n    at Connection.EventEmitter.emit (domain.js:476:20)\n    at Connection.socketError (C:\\Users\\usuario\\Documents\\api.apolo\\node_modules\\tedious\\lib\\connection.js:1095:12)\n    at C:\\Users\\usuario\\Documents\\api.apolo\\node_modules\\tedious\\lib\\connection.js:961:21\n    at SequentialConnectionStrategy.connect (C:\\Users\\usuario\\Documents\\api.apolo\\node_modules\\tedious\\lib\\connector.js:121:7)\n    at C:\\Users\\usuario\\Documents\\api.apolo\\node_modules\\tedious\\lib\\connector.js:54:67\n    at processTicksAndRejections (internal/process/task_queues.js:80:21)"}
{"message":"configuración base de datos{\"user\":\"\",\"password\":\"\",\"server\":\"\",\"database\":\"\",\"port\":0,\"parseJSON\":true}","level":"info"}
{"message":"cargando rutas","level":"debug"}
{"code":"ESOCKET","originalError":{"message":"Failed to connect to :1433 - Could not connect (sequence)","code":"ESOCKET"},"name":"ConnectionError","level":"error","message":"Database Connection Failed! Bad Config: Failed to connect to :1433 - Could not connect (sequence)","stack":"ConnectionError: Failed to connect to :1433 - Could not connect (sequence)\n    at Connection.<anonymous> (C:\\Users\\usuario\\Documents\\api.apolo\\node_modules\\mssql\\lib\\tedious.js:244:17)\n    at Object.onceWrapper (events.js:300:26)\n    at Connection.emit (events.js:210:5)\n    at Connection.EventEmitter.emit (domain.js:476:20)\n    at Connection.socketError (C:\\Users\\usuario\\Documents\\api.apolo\\node_modules\\tedious\\lib\\connection.js:1095:12)\n    at C:\\Users\\usuario\\Documents\\api.apolo\\node_modules\\tedious\\lib\\connection.js:961:21\n    at SequentialConnectionStrategy.connect (C:\\Users\\usuario\\Documents\\api.apolo\\node_modules\\tedious\\lib\\connector.js:121:7)\n    at C:\\Users\\usuario\\Documents\\api.apolo\\node_modules\\tedious\\lib\\connector.js:54:67\n    at processTicksAndRejections (internal/process/task_queues.js:80:21)"}
{"message":"configuración base de datos{\"user\":\"\",\"password\":\"\",\"server\":\"\",\"database\":\"\",\"port\":0,\"parseJSON\":true}","level":"info"}
{"message":"cargando rutas","level":"debug"}
{"code":"ESOCKET","originalError":{"message":"Failed to connect to :1433 - Could not connect (sequence)","code":"ESOCKET"},"name":"ConnectionError","level":"error","message":"Database Connection Failed! Bad Config: Failed to connect to :1433 - Could not connect (sequence)","stack":"ConnectionError: Failed to connect to :1433 - Could not connect (sequence)\n    at Connection.<anonymous> (C:\\Users\\usuario\\Documents\\api.apolo\\node_modules\\mssql\\lib\\tedious.js:244:17)\n    at Object.onceWrapper (events.js:300:26)\n    at Connection.emit (events.js:210:5)\n    at Connection.EventEmitter.emit (domain.js:476:20)\n    at Connection.socketError (C:\\Users\\usuario\\Documents\\api.apolo\\node_modules\\tedious\\lib\\connection.js:1095:12)\n    at C:\\Users\\usuario\\Documents\\api.apolo\\node_modules\\tedious\\lib\\connection.js:961:21\n    at SequentialConnectionStrategy.connect (C:\\Users\\usuario\\Documents\\api.apolo\\node_modules\\tedious\\lib\\connector.js:121:7)\n    at C:\\Users\\usuario\\Documents\\api.apolo\\node_modules\\tedious\\lib\\connector.js:54:67\n    at processTicksAndRejections (internal/process/task_queues.js:80:21)"}
{"message":"configuración base de datos{\"user\":\"\",\"password\":\"\",\"server\":\"\",\"database\":\"\",\"port\":0,\"parseJSON\":true}","level":"info"}
{"message":"cargando rutas","level":"debug"}
{"code":"ESOCKET","originalError":{"message":"Failed to connect to :1433 - Could not connect (sequence)","code":"ESOCKET"},"name":"ConnectionError","level":"error","message":"Database Connection Failed! Bad Config: Failed to connect to :1433 - Could not connect (sequence)","stack":"ConnectionError: Failed to connect to :1433 - Could not connect (sequence)\n    at Connection.<anonymous> (C:\\Users\\usuario\\Documents\\api.apolo\\node_modules\\mssql\\lib\\tedious.js:244:17)\n    at Object.onceWrapper (events.js:300:26)\n    at Connection.emit (events.js:210:5)\n    at Connection.EventEmitter.emit (domain.js:476:20)\n    at Connection.socketError (C:\\Users\\usuario\\Documents\\api.apolo\\node_modules\\tedious\\lib\\connection.js:1095:12)\n    at C:\\Users\\usuario\\Documents\\api.apolo\\node_modules\\tedious\\lib\\connection.js:961:21\n    at SequentialConnectionStrategy.connect (C:\\Users\\usuario\\Documents\\api.apolo\\node_modules\\tedious\\lib\\connector.js:121:7)\n    at C:\\Users\\usuario\\Documents\\api.apolo\\node_modules\\tedious\\lib\\connector.js:54:67\n    at processTicksAndRejections (internal/process/task_queues.js:80:21)"}
{"message":"configuración base de datos{\"user\":\"\",\"password\":\"\",\"server\":\"\",\"database\":\"\",\"port\":0,\"parseJSON\":true}","level":"info"}
{"message":"cargando rutas","level":"debug"}
{"code":"ESOCKET","originalError":{"message":"Failed to connect to :1433 - Could not connect (sequence)","code":"ESOCKET"},"name":"ConnectionError","level":"error","message":"Database Connection Failed! Bad Config: Failed to connect to :1433 - Could not connect (sequence)","stack":"ConnectionError: Failed to connect to :1433 - Could not connect (sequence)\n    at Connection.<anonymous> (C:\\Users\\usuario\\Documents\\api.apolo\\node_modules\\mssql\\lib\\tedious.js:244:17)\n    at Object.onceWrapper (events.js:300:26)\n    at Connection.emit (events.js:210:5)\n    at Connection.EventEmitter.emit (domain.js:476:20)\n    at Connection.socketError (C:\\Users\\usuario\\Documents\\api.apolo\\node_modules\\tedious\\lib\\connection.js:1095:12)\n    at C:\\Users\\usuario\\Documents\\api.apolo\\node_modules\\tedious\\lib\\connection.js:961:21\n    at SequentialConnectionStrategy.connect (C:\\Users\\usuario\\Documents\\api.apolo\\node_modules\\tedious\\lib\\connector.js:121:7)\n    at C:\\Users\\usuario\\Documents\\api.apolo\\node_modules\\tedious\\lib\\connector.js:54:67\n    at processTicksAndRejections (internal/process/task_queues.js:80:21)"}
{"message":"configuración base de datos{\"user\":\"sa\",\"password\":\"admin\",\"server\":\"localhost\",\"database\":\"Apolo\",\"port\":1433,\"parseJSON\":true}","level":"info"}
{"message":"cargando rutas","level":"debug"}
{"message":"Connected to MSSQL","level":"info"}
{"message":"configuración base de datos{\"user\":\"sa\",\"password\":\"admin\",\"server\":\"localhost\",\"database\":\"Apolo\",\"port\":1433,\"parseJSON\":true}","level":"info"}
{"message":"cargando rutas","level":"debug"}
{"message":"Connected to MSSQL","level":"info"}
{"message":"configuración base de datos{\"user\":\"sa\",\"password\":\"admin\",\"server\":\"localhost\",\"database\":\"Apolo\",\"port\":1433,\"parseJSON\":true}","level":"info"}
{"message":"cargando rutas","level":"debug"}
{"message":"Connected to MSSQL","level":"info"}
{"message":"configuración base de datos{\"user\":\"sa\",\"password\":\"admin\",\"server\":\"localhost\",\"database\":\"Apolo\",\"port\":1433,\"parseJSON\":true}","level":"info"}
{"message":"cargando rutas","level":"debug"}
{"message":"Connected to MSSQL","level":"info"}
{"message":"configuración base de datos{\"user\":\"sa\",\"password\":\"admin\",\"server\":\"localhost\",\"database\":\"Apolo\",\"port\":1433,\"parseJSON\":true}","level":"info"}
{"message":"cargando rutas","level":"debug"}
{"message":"Connected to MSSQL","level":"info"}
{"message":"configuración base de datos{\"user\":\"sa\",\"password\":\"admin\",\"server\":\"localhost\",\"database\":\"Apolo\",\"port\":1433,\"parseJSON\":true}","level":"info"}
{"message":"cargando rutas","level":"debug"}
{"message":"Connected to MSSQL","level":"info"}
{"message":"configuración base de datos{\"user\":\"sa\",\"password\":\"admin\",\"server\":\"localhost\",\"database\":\"Apolo\",\"port\":1433,\"parseJSON\":true}","level":"info"}
{"message":"cargando rutas","level":"debug"}
{"message":"Connected to MSSQL","level":"info"}
{"message":"configuración base de datos{\"user\":\"sa\",\"password\":\"admin\",\"server\":\"localhost\",\"database\":\"Apolo\",\"port\":1433,\"parseJSON\":true}","level":"info"}
{"message":"cargando rutas","level":"debug"}
{"message":"Connected to MSSQL","level":"info"}
{"message":"configuración base de datos{\"user\":\"sa\",\"password\":\"admin\",\"server\":\"localhost\",\"database\":\"Apolo\",\"port\":1433,\"parseJSON\":true}","level":"info"}
{"message":"cargando rutas","level":"debug"}
{"message":"Connected to MSSQL","level":"info"}
{"message":"configuración base de datos{\"user\":\"sa\",\"password\":\"admin\",\"server\":\"localhost\",\"database\":\"Apolo\",\"port\":1433,\"parseJSON\":true}","level":"info"}
{"message":"cargando rutas","level":"debug"}
{"message":"Connected to MSSQL","level":"info"}
{"message":"configuración base de datos{\"user\":\"sa\",\"password\":\"admin\",\"server\":\"localhost\",\"database\":\"Apolo\",\"port\":1433,\"parseJSON\":true}","level":"info"}
{"message":"cargando rutas","level":"debug"}
{"message":"Connected to MSSQL","level":"info"}
{"message":"configuración base de datos{\"user\":\"sa\",\"password\":\"admin\",\"server\":\"localhost\",\"database\":\"Apolo\",\"port\":1433,\"parseJSON\":true}","level":"info"}
{"message":"cargando rutas","level":"debug"}
{"message":"Connected to MSSQL","level":"info"}
{"message":"configuración base de datos{\"user\":\"sa\",\"password\":\"admin\",\"server\":\"localhost\",\"database\":\"Apolo\",\"port\":1433,\"parseJSON\":true}","level":"info"}
{"message":"cargando rutas","level":"debug"}
{"message":"Connected to MSSQL","level":"info"}
{"message":"configuración base de datos{\"user\":\"sa\",\"password\":\"admin\",\"server\":\"localhost\",\"database\":\"Apolo\",\"port\":1433,\"parseJSON\":true}","level":"info"}
{"message":"cargando rutas","level":"debug"}
{"message":"Connected to MSSQL","level":"info"}
{"message":"configuración base de datos{\"user\":\"sa\",\"password\":\"Admin1234*\",\"server\":\"localhost\",\"database\":\"Apolo\",\"port\":1433,\"parseJSON\":true}","level":"info"}
{"message":"cargando rutas","level":"debug"}
{"message":"Connected to MSSQL","level":"info"}
{"message":"configuración base de datos{\"user\":\"sa\",\"password\":\"Admin1234*\",\"server\":\"localhost\",\"database\":\"Apolo\",\"port\":1433,\"parseJSON\":true}","level":"info"}
{"message":"Connected to MSSQL","level":"info"}
{"message":"configuración base de datos{\"user\":\"sa\",\"password\":\"Admin1234*\",\"server\":\"localhost\",\"database\":\"Apolo\",\"port\":1433,\"parseJSON\":true}","level":"info"}
{"message":"cargando rutas","level":"debug"}
{"message":"Connected to MSSQL","level":"info"}
{"message":"configuración base de datos{\"user\":\"sa\",\"password\":\"Admin1234*\",\"server\":\"localhost\",\"database\":\"Apolo\",\"port\":1433,\"parseJSON\":true}","level":"info"}
{"message":"cargando rutas","level":"debug"}
{"message":"Connected to MSSQL","level":"info"}
{"message":"configuración base de datos{\"user\":\"sa\",\"password\":\"Admin1234*\",\"server\":\"localhost\",\"database\":\"Apolo\",\"port\":1433,\"parseJSON\":true}","level":"info"}
{"message":"cargando rutas","level":"debug"}
{"message":"Connected to MSSQL","level":"info"}
{"message":"configuración base de datos{\"user\":\"sa\",\"password\":\"Admin1234*\",\"server\":\"localhost\",\"database\":\"Apolo\",\"port\":1433,\"parseJSON\":true}","level":"info"}
{"message":"cargando rutas","level":"debug"}
{"message":"Connected to MSSQL","level":"info"}
{"message":"configuración base de datos{\"user\":\"sa\",\"password\":\"Admin1234*\",\"server\":\"localhost\",\"database\":\"Apolo\",\"port\":1433,\"parseJSON\":true}","level":"info"}
{"message":"cargando rutas","level":"debug"}
{"message":"Connected to MSSQL","level":"info"}
{"message":"configuración base de datos{\"user\":\"sa\",\"password\":\"Admin1234*\",\"server\":\"localhost\",\"database\":\"Apolo\",\"port\":1433,\"parseJSON\":true}","level":"info"}
{"message":"cargando rutas","level":"debug"}
{"message":"Connected to MSSQL","level":"info"}
{"message":"configuración base de datos{\"user\":\"sa\",\"password\":\"Admin1234*\",\"server\":\"localhost\",\"database\":\"Apolo\",\"port\":1433,\"parseJSON\":true}","level":"info"}
{"message":"cargando rutas","level":"debug"}
{"message":"Connected to MSSQL","level":"info"}
{"message":"configuración base de datos{\"user\":\"sa\",\"password\":\"Admin1234*\",\"server\":\"localhost\",\"database\":\"Apolo\",\"port\":1433,\"parseJSON\":true}","level":"info"}
{"message":"cargando rutas","level":"debug"}
{"message":"Connected to MSSQL","level":"info"}
{"message":"configuración base de datos{\"user\":\"sa\",\"password\":\"Admin1234*\",\"server\":\"localhost\",\"database\":\"Apolo\",\"port\":1433,\"parseJSON\":true}","level":"info"}
{"message":"cargando rutas","level":"debug"}
{"message":"Connected to MSSQL","level":"info"}
{"message":"configuración base de datos{\"user\":\"sa\",\"password\":\"Admin1234*\",\"server\":\"localhost\",\"database\":\"Apolo\",\"port\":1433,\"parseJSON\":true}","level":"info"}
{"message":"cargando rutas","level":"debug"}
{"message":"Connected to MSSQL","level":"info"}
{"message":"configuración base de datos{\"user\":\"sa\",\"password\":\"Admin1234*\",\"server\":\"localhost\",\"database\":\"Apolo\",\"port\":1433,\"parseJSON\":true}","level":"info"}
{"message":"cargando rutas","level":"debug"}
{"message":"Connected to MSSQL","level":"info"}
{"message":"configuración base de datos{\"user\":\"sa\",\"password\":\"Admin1234*\",\"server\":\"localhost\",\"database\":\"Apolo\",\"port\":1433,\"parseJSON\":true}","level":"info"}
{"message":"cargando rutas","level":"debug"}
{"message":"Connected to MSSQL","level":"info"}
{"message":"configuración base de datos{\"user\":\"sa\",\"password\":\"Admin1234*\",\"server\":\"localhost\",\"database\":\"Apolo\",\"port\":1433,\"parseJSON\":true}","level":"info"}
{"message":"cargando rutas","level":"debug"}
{"message":"Connected to MSSQL","level":"info"}
{"message":"configuración base de datos{\"user\":\"sa\",\"password\":\"Admin1234*\",\"server\":\"localhost\",\"database\":\"Apolo\",\"port\":1433,\"parseJSON\":true}","level":"info"}
{"message":"cargando rutas","level":"debug"}
{"message":"Connected to MSSQL","level":"info"}
{"message":"configuración base de datos{\"user\":\"sa\",\"password\":\"Admin1234*\",\"server\":\"localhost\",\"database\":\"Apolo\",\"port\":1433,\"parseJSON\":true}","level":"info"}
{"message":"cargando rutas","level":"debug"}
{"message":"Connected to MSSQL","level":"info"}
{"message":"configuración base de datos{\"user\":\"sa\",\"password\":\"Admin1234*\",\"server\":\"localhost\",\"database\":\"Apolo\",\"port\":1433,\"parseJSON\":true}","level":"info"}
{"message":"cargando rutas","level":"debug"}
{"message":"Connected to MSSQL","level":"info"}
{"message":"configuración base de datos{\"user\":\"sa\",\"password\":\"Admin1234*\",\"server\":\"localhost\",\"database\":\"Apolo\",\"port\":1433,\"parseJSON\":true}","level":"info"}
{"message":"cargando rutas","level":"debug"}
{"message":"Connected to MSSQL","level":"info"}
{"message":"configuración base de datos{\"user\":\"sa\",\"password\":\"Admin1234*\",\"server\":\"localhost\",\"database\":\"Apolo\",\"port\":1433,\"parseJSON\":true}","level":"info"}
{"message":"cargando rutas","level":"debug"}
{"message":"Connected to MSSQL","level":"info"}
{"message":"configuración base de datos{\"user\":\"sa\",\"password\":\"Admin1234*\",\"server\":\"localhost\",\"database\":\"Apolo\",\"port\":1433,\"parseJSON\":true}","level":"info"}
{"message":"cargando rutas","level":"debug"}
{"message":"Connected to MSSQL","level":"info"}
{"message":"configuración base de datos{\"user\":\"sa\",\"password\":\"Admin1234*\",\"server\":\"localhost\",\"database\":\"Apolo\",\"port\":1433,\"parseJSON\":true}","level":"info"}
{"message":"cargando rutas","level":"debug"}
{"message":"Connected to MSSQL","level":"info"}
{"message":"configuración base de datos{\"user\":\"sa\",\"password\":\"Admin1234*\",\"server\":\"localhost\",\"database\":\"Apolo\",\"port\":1433,\"parseJSON\":true}","level":"info"}
{"message":"cargando rutas","level":"debug"}
{"message":"Connected to MSSQL","level":"info"}
{"message":"configuración base de datos{\"user\":\"sa\",\"password\":\"Admin1234*\",\"server\":\"localhost\",\"database\":\"Apolo\",\"port\":1433,\"parseJSON\":true}","level":"info"}
{"message":"cargando rutas","level":"debug"}
{"message":"Connected to MSSQL","level":"info"}
{"message":"configuración base de datos{\"user\":\"sa\",\"password\":\"Admin1234*\",\"server\":\"localhost\",\"database\":\"Apolo\",\"port\":1433,\"parseJSON\":true}","level":"info"}
{"message":"cargando rutas","level":"debug"}
{"message":"Connected to MSSQL","level":"info"}
{"message":"configuración base de datos{\"user\":\"sa\",\"password\":\"Admin1234*\",\"server\":\"localhost\",\"database\":\"Apolo\",\"port\":1433,\"parseJSON\":true}","level":"info"}
{"message":"cargando rutas","level":"debug"}
{"message":"Connected to MSSQL","level":"info"}
{"message":"configuración base de datos{\"user\":\"sa\",\"password\":\"Admin1234*\",\"server\":\"localhost\",\"database\":\"Apolo\",\"port\":1433,\"parseJSON\":true}","level":"info"}
{"message":"cargando rutas","level":"debug"}
{"message":"Connected to MSSQL","level":"info"}
{"message":"configuración base de datos{\"user\":\"sa\",\"password\":\"Admin1234*\",\"server\":\"localhost\",\"database\":\"Apolo\",\"port\":1433,\"parseJSON\":true}","level":"info"}
{"message":"cargando rutas","level":"debug"}
{"message":"Connected to MSSQL","level":"info"}
